[DEBUG] 2019-11-20 14:10:12.036 Application:10 - This is a debug message 
[INFO ] 2019-11-20 14:10:12.041 Application:11 - This is an info message 
[WARN ] 2019-11-20 14:10:12.042 Application:12 - This is a warn message 
[ERROR] 2019-11-20 14:10:12.045 Application:13 - This is an error message 
[FATAL] 2019-11-20 14:10:12.046 Application:14 - This is a fatal message 
[DEBUG] 2019-11-20 14:15:45.568 Application:10 - This is a debug message 
[INFO ] 2019-11-20 14:15:45.569 Application:11 - This is an info message 
[WARN ] 2019-11-20 14:15:45.571 Application:12 - This is a warn message 
[ERROR] 2019-11-20 14:15:45.573 Application:13 - This is an error message 
[FATAL] 2019-11-20 14:15:45.575 Application:14 - This is a fatal message 
[DEBUG] 2019-11-20 14:28:05.833 Application:10 - This is a debug message 
[INFO ] 2019-11-20 14:28:05.834 Application:11 - This is an info message 
[WARN ] 2019-11-20 14:28:05.835 Application:12 - This is a warn message 
[ERROR] 2019-11-20 14:28:05.837 Application:13 - This is an error message 
[FATAL] 2019-11-20 14:28:05.838 Application:14 - This is a fatal message 
[DEBUG] 2019-11-20 14:29:45.699 Application:10 - This is a debug message 
[INFO ] 2019-11-20 14:29:45.701 Application:11 - This is an info message 
[WARN ] 2019-11-20 14:29:45.702 Application:12 - This is a warn message 
[ERROR] 2019-11-20 14:29:45.705 Application:13 - This is an error message 
[FATAL] 2019-11-20 14:29:45.706 Application:14 - This is a fatal message 
[DEBUG] 2019-11-20 14:30:04.062 Application:10 - This is a debug message 
[INFO ] 2019-11-20 14:30:04.063 Application:11 - This is an info message 
[WARN ] 2019-11-20 14:30:04.064 Application:12 - This is a warn message 
[ERROR] 2019-11-20 14:30:04.067 Application:13 - This is an error message 
[FATAL] 2019-11-20 14:30:04.069 Application:14 - This is a fatal message 
[DEBUG] 2019-11-20 14:32:11.778 Application:10 - This is a debug message 
[INFO ] 2019-11-20 14:32:11.779 Application:11 - This is an info message 
[WARN ] 2019-11-20 14:32:11.781 Application:12 - This is a warn message 
[ERROR] 2019-11-20 14:32:11.783 Application:13 - This is an error message 
[FATAL] 2019-11-20 14:32:11.785 Application:14 - This is a fatal message 
[DEBUG] 2019-11-20 14:35:18.577 Application:10 - This is a debug message 
[INFO ] 2019-11-20 14:35:18.579 Application:11 - This is an info message 
[WARN ] 2019-11-20 14:35:18.580 Application:12 - This is a warn message 
[ERROR] 2019-11-20 14:35:18.581 Application:13 - This is an error message 
[FATAL] 2019-11-20 14:35:18.582 Application:14 - This is a fatal message 
[DEBUG] 2019-11-20 14:37:05.087 Application:10 - This is a debug message 
[INFO ] 2019-11-20 14:37:05.088 Application:11 - This is an info message 
[WARN ] 2019-11-20 14:37:05.089 Application:12 - This is a warn message 
[ERROR] 2019-11-20 14:37:05.091 Application:13 - This is an error message 
[FATAL] 2019-11-20 14:37:05.092 Application:14 - This is a fatal message 
[DEBUG] 2019-11-20 14:38:06.154 Application:10 - This is a debug message 
[INFO ] 2019-11-20 14:38:06.156 Application:11 - This is an info message 
[WARN ] 2019-11-20 14:38:06.157 Application:12 - This is a warn message 
[ERROR] 2019-11-20 14:38:06.159 Application:13 - This is an error message 
[FATAL] 2019-11-20 14:38:06.161 Application:14 - This is a fatal message 
[DEBUG] 2019-11-20 14:38:53.277 Application:10 - This is a debug message 
[INFO ] 2019-11-20 14:38:53.284 Application:11 - This is an info message 
[WARN ] 2019-11-20 14:38:53.285 Application:12 - This is a warn message 
[ERROR] 2019-11-20 14:38:53.295 Application:13 - This is an error message 
[FATAL] 2019-11-20 14:38:53.297 Application:14 - This is a fatal message 
[DEBUG] 2019-11-20 14:40:09.152 Application:10 - This is a debug message 
[INFO ] 2019-11-20 14:40:09.154 Application:11 - This is an info message 
[WARN ] 2019-11-20 14:40:09.154 Application:12 - This is a warn message 
[ERROR] 2019-11-20 14:40:09.156 Application:13 - This is an error message 
[FATAL] 2019-11-20 14:40:09.157 Application:14 - This is a fatal message 
[DEBUG] 2019-11-20 14:42:48.002 Application:10 - This is a debug message 
[INFO ] 2019-11-20 14:42:48.003 Application:11 - This is an info message 
[WARN ] 2019-11-20 14:42:48.004 Application:12 - This is a warn message 
[ERROR] 2019-11-20 14:42:48.008 Application:13 - This is an error message 
[FATAL] 2019-11-20 14:42:48.009 Application:14 - This is a fatal message 
[DEBUG] 2019-11-20 14:43:06.110 Application:10 - This is a debug message 
[INFO ] 2019-11-20 14:43:06.111 Application:11 - This is an info message 
[WARN ] 2019-11-20 14:43:06.112 Application:12 - This is a warn message 
[ERROR] 2019-11-20 14:43:06.114 Application:13 - This is an error message 
[FATAL] 2019-11-20 14:43:06.115 Application:14 - This is a fatal message 
[DEBUG] 2019-11-20 14:45:58.815 Application:10 - This is a debug message 
[INFO ] 2019-11-20 14:45:58.824 Application:11 - This is an info message 
[WARN ] 2019-11-20 14:45:58.825 Application:12 - This is a warn message 
[ERROR] 2019-11-20 14:45:58.828 Application:13 - This is an error message 
[FATAL] 2019-11-20 14:45:58.828 Application:14 - This is a fatal message 
[DEBUG] 2019-11-20 15:06:48.071 Application:10 - This is a debug message 
[INFO ] 2019-11-20 15:06:48.081 Application:11 - This is an info message 
[WARN ] 2019-11-20 15:06:48.083 Application:12 - This is a warn message 
[ERROR] 2019-11-20 15:06:48.085 Application:13 - This is an error message 
[FATAL] 2019-11-20 15:06:48.086 Application:14 - This is a fatal message 
[DEBUG] 2019-11-20 15:07:40.867 Application:10 - This is a debug message 
[INFO ] 2019-11-20 15:07:40.885 Application:11 - This is an info message 
[WARN ] 2019-11-20 15:07:40.887 Application:12 - This is a warn message 
[ERROR] 2019-11-20 15:07:40.890 Application:13 - This is an error message 
[FATAL] 2019-11-20 15:07:40.891 Application:14 - This is a fatal message 
[DEBUG] 2019-11-20 15:08:04.459 Application:10 - This is a debug message 
[INFO ] 2019-11-20 15:08:04.469 Application:11 - This is an info message 
[WARN ] 2019-11-20 15:08:04.471 Application:12 - This is a warn message 
[ERROR] 2019-11-20 15:08:04.473 Application:13 - This is an error message 
[FATAL] 2019-11-20 15:08:04.595 Application:14 - This is a fatal message 
[DEBUG] 2019-11-20 15:11:42.621 Application:10 - This is a debug message 
[INFO ] 2019-11-20 15:11:42.632 Application:11 - This is an info message 
[WARN ] 2019-11-20 15:11:42.633 Application:12 - This is a warn message 
[ERROR] 2019-11-20 15:11:42.642 Application:13 - This is an error message 
[FATAL] 2019-11-20 15:11:46.634 Application:14 - This is a fatal message 
[DEBUG] 2019-11-20 15:14:55.544 Application:10 - This is a debug message 
[INFO ] 2019-11-20 15:14:55.554 Application:11 - This is an info message 
[WARN ] 2019-11-20 15:14:55.556 Application:12 - This is a warn message 
[ERROR] 2019-11-20 15:14:55.558 Application:13 - This is an error message 
[FATAL] 2019-11-20 15:14:57.809 Application:14 - This is a fatal message 
[DEBUG] 2019-11-20 15:18:41.304 Application:10 - This is a debug message 
[INFO ] 2019-11-20 15:18:41.314 Application:11 - This is an info message 
[WARN ] 2019-11-20 15:18:41.315 Application:12 - This is a warn message 
[ERROR] 2019-11-20 15:18:41.318 Application:13 - This is an error message 
[FATAL] 2019-11-20 15:18:43.241 Application:14 - This is a fatal message 
[DEBUG] 2019-11-20 15:21:06.265 Application:10 - This is a debug message 
[INFO ] 2019-11-20 15:21:06.274 Application:11 - This is an info message 
[WARN ] 2019-11-20 15:21:06.276 Application:12 - This is a warn message 
[ERROR] 2019-11-20 15:21:06.278 Application:13 - This is an error message 
[FATAL] 2019-11-20 15:21:09.839 Application:14 - This is a fatal message 
[DEBUG] 2019-11-20 15:28:21.714 Application:10 - This is a debug message 
[INFO ] 2019-11-20 15:28:21.716 Application:11 - This is an info message 
[WARN ] 2019-11-20 15:28:21.717 Application:12 - This is a warn message 
[ERROR] 2019-11-20 15:28:21.719 Application:13 - This is an error message 
[FATAL] 2019-11-20 15:28:25.507 Application:14 - This is a fatal message 
[DEBUG] 2019-11-20 16:06:48.049 Application:10 - This is a debug message 
[INFO ] 2019-11-20 16:06:48.051 Application:11 - This is an info message 
[WARN ] 2019-11-20 16:06:48.054 Application:12 - This is a warn message 
[ERROR] 2019-11-20 16:06:48.064 Application:13 - This is an error message 
[FATAL] 2019-11-20 16:06:51.580 Application:14 - This is a fatal message 
[DEBUG] 2019-11-20 16:08:15.897 Application:10 - This is a debug message 
[INFO ] 2019-11-20 16:08:15.899 Application:11 - This is an info message 
[WARN ] 2019-11-20 16:08:15.900 Application:12 - This is a warn message 
[ERROR] 2019-11-20 16:08:15.906 Application:13 - This is an error message 
[FATAL] 2019-11-20 16:08:19.243 Application:14 - This is a fatal message 
[DEBUG] 2019-11-20 16:10:38.993 Application:10 - This is a debug message 
[INFO ] 2019-11-20 16:10:38.995 Application:11 - This is an info message 
[WARN ] 2019-11-20 16:10:38.996 Application:12 - This is a warn message 
[ERROR] 2019-11-20 16:10:38.998 Application:13 - This is an error message 
[FATAL] 2019-11-20 16:10:43.586 Application:14 - This is a fatal message 
