[TRACE] 2019-11-20 13:15:48.673 Application:9 - This is a trace message 
[DEBUG] 2019-11-20 13:15:48.681 Application:10 - This is a debug message 
[INFO ] 2019-11-20 13:15:48.682 Application:11 - This is an info message 
[WARN ] 2019-11-20 13:15:48.683 Application:12 - This is a warn message 
[ERROR] 2019-11-20 13:15:48.685 Application:13 - This is an error message 
[FATAL] 2019-11-20 13:15:48.686 Application:14 - This is a fatal message 
[TRACE] 2019-11-20 13:16:54.730 Application:9 - This is a trace message 
[DEBUG] 2019-11-20 13:16:54.740 Application:10 - This is a debug message 
[INFO ] 2019-11-20 13:16:54.741 Application:11 - This is an info message 
[WARN ] 2019-11-20 13:16:54.742 Application:12 - This is a warn message 
[ERROR] 2019-11-20 13:16:54.744 Application:13 - This is an error message 
[FATAL] 2019-11-20 13:16:54.746 Application:14 - This is a fatal message 
[TRACE] 2019-11-20 13:23:04.609 Application:9 - This is a trace message 
[DEBUG] 2019-11-20 13:23:04.617 Application:10 - This is a debug message 
[INFO ] 2019-11-20 13:23:04.618 Application:11 - This is an info message 
[WARN ] 2019-11-20 13:23:04.619 Application:12 - This is a warn message 
[ERROR] 2019-11-20 13:23:04.620 Application:13 - This is an error message 
[FATAL] 2019-11-20 13:23:04.621 Application:14 - This is a fatal message 
[TRACE] 2019-11-20 13:23:18.367 Application:9 - This is a trace message 
[DEBUG] 2019-11-20 13:23:18.375 Application:10 - This is a debug message 
[INFO ] 2019-11-20 13:23:18.376 Application:11 - This is an info message 
[WARN ] 2019-11-20 13:23:18.377 Application:12 - This is a warn message 
[ERROR] 2019-11-20 13:23:18.378 Application:13 - This is an error message 
[FATAL] 2019-11-20 13:23:18.379 Application:14 - This is a fatal message 
[TRACE] 2019-11-20 13:23:33.613 Application:9 - This is a trace message 
[DEBUG] 2019-11-20 13:23:33.623 Application:10 - This is a debug message 
[INFO ] 2019-11-20 13:23:33.625 Application:11 - This is an info message 
[WARN ] 2019-11-20 13:23:33.626 Application:12 - This is a warn message 
[ERROR] 2019-11-20 13:23:33.628 Application:13 - This is an error message 
[FATAL] 2019-11-20 13:23:33.629 Application:14 - This is a fatal message 
[TRACE] 2019-11-20 13:46:34.883 Application:9 - This is a trace message 
[DEBUG] 2019-11-20 13:46:34.891 Application:10 - This is a debug message 
[INFO ] 2019-11-20 13:46:34.893 Application:11 - This is an info message 
[WARN ] 2019-11-20 13:46:34.894 Application:12 - This is a warn message 
[ERROR] 2019-11-20 13:46:34.896 Application:13 - This is an error message 
[FATAL] 2019-11-20 13:46:34.897 Application:14 - This is a fatal message 
[WARN ] 2019-11-20 13:47:18.366 Application:12 - This is a warn message 
[ERROR] 2019-11-20 13:47:18.369 Application:13 - This is an error message 
[FATAL] 2019-11-20 13:47:18.370 Application:14 - This is a fatal message 
[WARN ] 2019-11-20 13:50:14.737 Application:12 - This is a warn message 
[ERROR] 2019-11-20 13:50:14.739 Application:13 - This is an error message 
[FATAL] 2019-11-20 13:50:14.742 Application:14 - This is a fatal message 
[WARN ] 2019-11-20 14:03:46.375 Application:12 - This is a warn message 
[ERROR] 2019-11-20 14:03:46.377 Application:13 - This is an error message 
[FATAL] 2019-11-20 14:03:46.378 Application:14 - This is a fatal message 
[WARN ] 2019-11-20 14:05:09.344 Application:12 - This is a warn message 
[ERROR] 2019-11-20 14:05:09.345 Application:13 - This is an error message 
[FATAL] 2019-11-20 14:05:09.346 Application:14 - This is a fatal message 
[WARN ] 2019-11-20 14:05:59.843 Application:12 - This is a warn message 
[ERROR] 2019-11-20 14:05:59.849 Application:13 - This is an error message 
[FATAL] 2019-11-20 14:05:59.854 Application:14 - This is a fatal message 
[WARN ] 2019-11-20 14:10:12.042 Application:12 - This is a warn message 
[ERROR] 2019-11-20 14:10:12.045 Application:13 - This is an error message 
[FATAL] 2019-11-20 14:10:12.046 Application:14 - This is a fatal message 
[WARN ] 2019-11-20 14:15:45.571 Application:12 - This is a warn message 
[ERROR] 2019-11-20 14:15:45.573 Application:13 - This is an error message 
[FATAL] 2019-11-20 14:15:45.575 Application:14 - This is a fatal message 
[WARN ] 2019-11-20 14:28:05.835 Application:12 - This is a warn message 
[ERROR] 2019-11-20 14:28:05.837 Application:13 - This is an error message 
[FATAL] 2019-11-20 14:28:05.838 Application:14 - This is a fatal message 
[WARN ] 2019-11-20 14:29:45.702 Application:12 - This is a warn message 
[ERROR] 2019-11-20 14:29:45.705 Application:13 - This is an error message 
[FATAL] 2019-11-20 14:29:45.706 Application:14 - This is a fatal message 
[WARN ] 2019-11-20 14:30:04.064 Application:12 - This is a warn message 
[ERROR] 2019-11-20 14:30:04.067 Application:13 - This is an error message 
[FATAL] 2019-11-20 14:30:04.069 Application:14 - This is a fatal message 
[WARN ] 2019-11-20 14:32:11.781 Application:12 - This is a warn message 
[ERROR] 2019-11-20 14:32:11.783 Application:13 - This is an error message 
[FATAL] 2019-11-20 14:32:11.785 Application:14 - This is a fatal message 
[WARN ] 2019-11-20 14:35:18.580 Application:12 - This is a warn message 
[ERROR] 2019-11-20 14:35:18.581 Application:13 - This is an error message 
[FATAL] 2019-11-20 14:35:18.582 Application:14 - This is a fatal message 
[WARN ] 2019-11-20 14:37:05.089 Application:12 - This is a warn message 
[ERROR] 2019-11-20 14:37:05.091 Application:13 - This is an error message 
[FATAL] 2019-11-20 14:37:05.092 Application:14 - This is a fatal message 
[WARN ] 2019-11-20 14:38:06.157 Application:12 - This is a warn message 
[ERROR] 2019-11-20 14:38:06.159 Application:13 - This is an error message 
[FATAL] 2019-11-20 14:38:06.161 Application:14 - This is a fatal message 
[WARN ] 2019-11-20 14:38:53.285 Application:12 - This is a warn message 
[ERROR] 2019-11-20 14:38:53.295 Application:13 - This is an error message 
[FATAL] 2019-11-20 14:38:53.297 Application:14 - This is a fatal message 
[WARN ] 2019-11-20 14:40:09.154 Application:12 - This is a warn message 
[ERROR] 2019-11-20 14:40:09.156 Application:13 - This is an error message 
[FATAL] 2019-11-20 14:40:09.157 Application:14 - This is a fatal message 
[WARN ] 2019-11-20 14:42:48.004 Application:12 - This is a warn message 
[ERROR] 2019-11-20 14:42:48.008 Application:13 - This is an error message 
[FATAL] 2019-11-20 14:42:48.009 Application:14 - This is a fatal message 
[WARN ] 2019-11-20 14:43:06.112 Application:12 - This is a warn message 
[ERROR] 2019-11-20 14:43:06.114 Application:13 - This is an error message 
[FATAL] 2019-11-20 14:43:06.115 Application:14 - This is a fatal message 
[WARN ] 2019-11-20 14:45:58.825 Application:12 - This is a warn message 
[ERROR] 2019-11-20 14:45:58.828 Application:13 - This is an error message 
[FATAL] 2019-11-20 14:45:58.828 Application:14 - This is a fatal message 
[WARN ] 2019-11-20 15:06:48.083 Application:12 - This is a warn message 
[ERROR] 2019-11-20 15:06:48.085 Application:13 - This is an error message 
[FATAL] 2019-11-20 15:06:48.086 Application:14 - This is a fatal message 
[WARN ] 2019-11-20 15:07:40.887 Application:12 - This is a warn message 
[ERROR] 2019-11-20 15:07:40.890 Application:13 - This is an error message 
[FATAL] 2019-11-20 15:07:40.891 Application:14 - This is a fatal message 
[WARN ] 2019-11-20 15:08:04.471 Application:12 - This is a warn message 
[ERROR] 2019-11-20 15:08:04.473 Application:13 - This is an error message 
[FATAL] 2019-11-20 15:08:04.595 Application:14 - This is a fatal message 
[WARN ] 2019-11-20 15:11:42.633 Application:12 - This is a warn message 
[ERROR] 2019-11-20 15:11:42.642 Application:13 - This is an error message 
[FATAL] 2019-11-20 15:11:46.634 Application:14 - This is a fatal message 
[WARN ] 2019-11-20 15:14:55.556 Application:12 - This is a warn message 
[ERROR] 2019-11-20 15:14:55.558 Application:13 - This is an error message 
[FATAL] 2019-11-20 15:14:57.809 Application:14 - This is a fatal message 
[WARN ] 2019-11-20 15:18:41.315 Application:12 - This is a warn message 
[ERROR] 2019-11-20 15:18:41.318 Application:13 - This is an error message 
[FATAL] 2019-11-20 15:18:43.241 Application:14 - This is a fatal message 
[WARN ] 2019-11-20 15:21:06.276 Application:12 - This is a warn message 
[ERROR] 2019-11-20 15:21:06.278 Application:13 - This is an error message 
[FATAL] 2019-11-20 15:21:09.839 Application:14 - This is a fatal message 
[WARN ] 2019-11-20 15:28:21.717 Application:12 - This is a warn message 
[ERROR] 2019-11-20 15:28:21.719 Application:13 - This is an error message 
[FATAL] 2019-11-20 15:28:25.507 Application:14 - This is a fatal message 
[WARN ] 2019-11-20 16:06:48.054 Application:12 - This is a warn message 
[ERROR] 2019-11-20 16:06:48.064 Application:13 - This is an error message 
[FATAL] 2019-11-20 16:06:51.580 Application:14 - This is a fatal message 
[WARN ] 2019-11-20 16:08:15.900 Application:12 - This is a warn message 
[ERROR] 2019-11-20 16:08:15.906 Application:13 - This is an error message 
[FATAL] 2019-11-20 16:08:19.243 Application:14 - This is a fatal message 
[WARN ] 2019-11-20 16:10:38.996 Application:12 - This is a warn message 
[ERROR] 2019-11-20 16:10:38.998 Application:13 - This is an error message 
[FATAL] 2019-11-20 16:10:43.586 Application:14 - This is a fatal message 
