[DEBUG] 2019-11-20 00:16:32.203 Application:10 - This is a debug message 
[INFO ] 2019-11-20 00:16:32.208 Application:11 - This is an info message 
[WARN ] 2019-11-20 00:16:32.209 Application:12 - This is a warn message 
[ERROR] 2019-11-20 00:16:32.210 Application:13 - This is an error message 
[FATAL] 2019-11-20 00:16:32.215 Application:14 - This is a fatal message 
[DEBUG] 2019-11-20 00:22:07.879 Application:10 - This is a debug message 
[INFO ] 2019-11-20 00:22:07.880 Application:11 - This is an info message 
[WARN ] 2019-11-20 00:22:07.881 Application:12 - This is a warn message 
[ERROR] 2019-11-20 00:22:07.882 Application:13 - This is an error message 
[FATAL] 2019-11-20 00:22:07.883 Application:14 - This is a fatal message 
[DEBUG] 2019-11-20 00:32:42.541 Application:10 - This is a debug message 
[INFO ] 2019-11-20 00:32:42.543 Application:11 - This is an info message 
[WARN ] 2019-11-20 00:32:42.543 Application:12 - This is a warn message 
[ERROR] 2019-11-20 00:32:42.544 Application:13 - This is an error message 
[FATAL] 2019-11-20 00:32:42.544 Application:14 - This is a fatal message 
[DEBUG] 2019-11-20 01:13:47.053 Application:10 - This is a debug message 
[INFO ] 2019-11-20 01:13:47.054 Application:11 - This is an info message 
[WARN ] 2019-11-20 01:13:47.055 Application:12 - This is a warn message 
[ERROR] 2019-11-20 01:13:47.055 Application:13 - This is an error message 
[FATAL] 2019-11-20 01:13:47.056 Application:14 - This is a fatal message 
[DEBUG] 2019-11-20 01:20:30.269 Application:10 - This is a debug message 
[INFO ] 2019-11-20 01:20:30.270 Application:11 - This is an info message 
[WARN ] 2019-11-20 01:20:30.271 Application:12 - This is a warn message 
[ERROR] 2019-11-20 01:20:30.272 Application:13 - This is an error message 
[FATAL] 2019-11-20 01:20:30.273 Application:14 - This is a fatal message 
[DEBUG] 2019-11-20 01:47:20.610 Application:10 - This is a debug message 
[INFO ] 2019-11-20 01:47:20.619 Application:11 - This is an info message 
[WARN ] 2019-11-20 01:47:20.620 Application:12 - This is a warn message 
[ERROR] 2019-11-20 01:47:20.621 Application:13 - This is an error message 
[FATAL] 2019-11-20 01:47:20.622 Application:14 - This is a fatal message 
[DEBUG] 2019-11-20 01:48:25.674 Application:10 - This is a debug message 
[INFO ] 2019-11-20 01:48:25.684 Application:11 - This is an info message 
[WARN ] 2019-11-20 01:48:25.687 Application:12 - This is a warn message 
[ERROR] 2019-11-20 01:48:25.688 Application:13 - This is an error message 
[FATAL] 2019-11-20 01:48:25.689 Application:14 - This is a fatal message 
[DEBUG] 2019-11-20 01:50:37.342 Application:10 - This is a debug message 
[INFO ] 2019-11-20 01:50:37.344 Application:11 - This is an info message 
[WARN ] 2019-11-20 01:50:37.345 Application:12 - This is a warn message 
[ERROR] 2019-11-20 01:50:37.346 Application:13 - This is an error message 
[FATAL] 2019-11-20 01:50:37.347 Application:14 - This is a fatal message 
[DEBUG] 2019-11-20 11:50:07.097 Application:10 - This is a debug message 
[INFO ] 2019-11-20 11:50:07.098 Application:11 - This is an info message 
[WARN ] 2019-11-20 11:50:07.099 Application:12 - This is a warn message 
[ERROR] 2019-11-20 11:50:07.100 Application:13 - This is an error message 
[FATAL] 2019-11-20 11:50:07.102 Application:14 - This is a fatal message 
[DEBUG] 2019-11-20 11:50:26.937 Application:10 - This is a debug message 
[INFO ] 2019-11-20 11:50:26.939 Application:11 - This is an info message 
[WARN ] 2019-11-20 11:50:26.940 Application:12 - This is a warn message 
[ERROR] 2019-11-20 11:50:26.941 Application:13 - This is an error message 
[FATAL] 2019-11-20 11:50:26.942 Application:14 - This is a fatal message 
[DEBUG] 2019-11-20 11:50:33.934 Application:10 - This is a debug message 
[INFO ] 2019-11-20 11:50:33.935 Application:11 - This is an info message 
[WARN ] 2019-11-20 11:50:33.936 Application:12 - This is a warn message 
[ERROR] 2019-11-20 11:50:33.937 Application:13 - This is an error message 
[FATAL] 2019-11-20 11:50:33.939 Application:14 - This is a fatal message 
[DEBUG] 2019-11-20 11:51:01.524 Application:10 - This is a debug message 
[INFO ] 2019-11-20 11:51:01.525 Application:11 - This is an info message 
[WARN ] 2019-11-20 11:51:01.526 Application:12 - This is a warn message 
[ERROR] 2019-11-20 11:51:01.527 Application:13 - This is an error message 
[FATAL] 2019-11-20 11:51:01.527 Application:14 - This is a fatal message 
[DEBUG] 2019-11-20 11:53:21.943 Application:10 - This is a debug message 
[INFO ] 2019-11-20 11:53:21.945 Application:11 - This is an info message 
[WARN ] 2019-11-20 11:53:21.945 Application:12 - This is a warn message 
[ERROR] 2019-11-20 11:53:21.946 Application:13 - This is an error message 
[FATAL] 2019-11-20 11:53:21.947 Application:14 - This is a fatal message 
[DEBUG] 2019-11-20 11:54:14.641 Application:10 - This is a debug message 
[INFO ] 2019-11-20 11:54:14.642 Application:11 - This is an info message 
[WARN ] 2019-11-20 11:54:14.642 Application:12 - This is a warn message 
[ERROR] 2019-11-20 11:54:14.643 Application:13 - This is an error message 
[FATAL] 2019-11-20 11:54:14.644 Application:14 - This is a fatal message 
[DEBUG] 2019-11-20 12:07:47.765 Application:10 - This is a debug message 
[INFO ] 2019-11-20 12:07:47.767 Application:11 - This is an info message 
[WARN ] 2019-11-20 12:07:47.767 Application:12 - This is a warn message 
[ERROR] 2019-11-20 12:07:47.768 Application:13 - This is an error message 
[FATAL] 2019-11-20 12:07:47.769 Application:14 - This is a fatal message 
[DEBUG] 2019-11-20 12:08:12.204 Application:10 - This is a debug message 
[INFO ] 2019-11-20 12:08:12.206 Application:11 - This is an info message 
[WARN ] 2019-11-20 12:08:12.207 Application:12 - This is a warn message 
[ERROR] 2019-11-20 12:08:12.208 Application:13 - This is an error message 
[FATAL] 2019-11-20 12:08:12.210 Application:14 - This is a fatal message 
[DEBUG] 2019-11-20 12:08:24.738 Application:10 - This is a debug message 
[INFO ] 2019-11-20 12:08:24.740 Application:11 - This is an info message 
[WARN ] 2019-11-20 12:08:24.741 Application:12 - This is a warn message 
[ERROR] 2019-11-20 12:08:24.741 Application:13 - This is an error message 
[FATAL] 2019-11-20 12:08:24.745 Application:14 - This is a fatal message 
[DEBUG] 2019-11-20 12:09:01.801 Application:10 - This is a debug message 
[INFO ] 2019-11-20 12:09:01.802 Application:11 - This is an info message 
[WARN ] 2019-11-20 12:09:01.803 Application:12 - This is a warn message 
[ERROR] 2019-11-20 12:09:01.803 Application:13 - This is an error message 
[FATAL] 2019-11-20 12:09:01.805 Application:14 - This is a fatal message 
[DEBUG] 2019-11-20 12:09:26.287 Application:10 - This is a debug message 
[INFO ] 2019-11-20 12:09:26.288 Application:11 - This is an info message 
[WARN ] 2019-11-20 12:09:26.289 Application:12 - This is a warn message 
[ERROR] 2019-11-20 12:09:26.290 Application:13 - This is an error message 
[FATAL] 2019-11-20 12:09:26.291 Application:14 - This is a fatal message 
[DEBUG] 2019-11-20 12:10:17.274 Application:10 - This is a debug message 
[INFO ] 2019-11-20 12:10:17.276 Application:11 - This is an info message 
[WARN ] 2019-11-20 12:10:17.276 Application:12 - This is a warn message 
[ERROR] 2019-11-20 12:10:17.277 Application:13 - This is an error message 
[FATAL] 2019-11-20 12:10:17.278 Application:14 - This is a fatal message 
[DEBUG] 2019-11-20 12:10:41.116 Application:10 - This is a debug message 
[INFO ] 2019-11-20 12:10:41.117 Application:11 - This is an info message 
[WARN ] 2019-11-20 12:10:41.118 Application:12 - This is a warn message 
[ERROR] 2019-11-20 12:10:41.119 Application:13 - This is an error message 
[FATAL] 2019-11-20 12:10:41.121 Application:14 - This is a fatal message 
[DEBUG] 2019-11-20 12:11:08.832 Application:10 - This is a debug message 
[INFO ] 2019-11-20 12:11:08.833 Application:11 - This is an info message 
[WARN ] 2019-11-20 12:11:08.834 Application:12 - This is a warn message 
[ERROR] 2019-11-20 12:11:08.836 Application:13 - This is an error message 
[FATAL] 2019-11-20 12:11:08.838 Application:14 - This is a fatal message 
[DEBUG] 2019-11-20 12:11:21.639 Application:10 - This is a debug message 
[INFO ] 2019-11-20 12:11:21.641 Application:11 - This is an info message 
[WARN ] 2019-11-20 12:11:21.642 Application:12 - This is a warn message 
[ERROR] 2019-11-20 12:11:21.644 Application:13 - This is an error message 
[FATAL] 2019-11-20 12:11:21.645 Application:14 - This is a fatal message 
[DEBUG] 2019-11-20 12:11:34.885 Application:10 - This is a debug message 
[INFO ] 2019-11-20 12:11:34.886 Application:11 - This is an info message 
[WARN ] 2019-11-20 12:11:34.887 Application:12 - This is a warn message 
[ERROR] 2019-11-20 12:11:34.888 Application:13 - This is an error message 
[FATAL] 2019-11-20 12:11:34.889 Application:14 - This is a fatal message 
[DEBUG] 2019-11-20 12:11:45.203 Application:10 - This is a debug message 
[INFO ] 2019-11-20 12:11:45.205 Application:11 - This is an info message 
[WARN ] 2019-11-20 12:11:45.205 Application:12 - This is a warn message 
[ERROR] 2019-11-20 12:11:45.206 Application:13 - This is an error message 
[FATAL] 2019-11-20 12:11:45.207 Application:14 - This is a fatal message 
[DEBUG] 2019-11-20 12:15:37.208 Application:10 - This is a debug message 
[INFO ] 2019-11-20 12:15:37.209 Application:11 - This is an info message 
[WARN ] 2019-11-20 12:15:37.210 Application:12 - This is a warn message 
[ERROR] 2019-11-20 12:15:37.211 Application:13 - This is an error message 
[FATAL] 2019-11-20 12:15:37.212 Application:14 - This is a fatal message 
[DEBUG] 2019-11-20 12:24:56.916 Application:10 - This is a debug message 
[INFO ] 2019-11-20 12:24:56.927 Application:11 - This is an info message 
[WARN ] 2019-11-20 12:24:56.928 Application:12 - This is a warn message 
[ERROR] 2019-11-20 12:24:56.931 Application:13 - This is an error message 
[FATAL] 2019-11-20 12:24:56.932 Application:14 - This is a fatal message 
[DEBUG] 2019-11-20 12:26:48.962 Application:10 - This is a debug message 
[INFO ] 2019-11-20 12:26:48.970 Application:11 - This is an info message 
[WARN ] 2019-11-20 12:26:48.972 Application:12 - This is a warn message 
[ERROR] 2019-11-20 12:26:48.973 Application:13 - This is an error message 
[FATAL] 2019-11-20 12:26:48.974 Application:14 - This is a fatal message 
[DEBUG] 2019-11-20 12:46:53.870 Application:10 - This is a debug message 
[INFO ] 2019-11-20 12:46:53.878 Application:11 - This is an info message 
[WARN ] 2019-11-20 12:46:53.879 Application:12 - This is a warn message 
[ERROR] 2019-11-20 12:46:53.881 Application:13 - This is an error message 
[FATAL] 2019-11-20 12:46:53.883 Application:14 - This is a fatal message 
[DEBUG] 2019-11-20 12:47:55.817 Application:10 - This is a debug message 
[INFO ] 2019-11-20 12:47:55.825 Application:11 - This is an info message 
[WARN ] 2019-11-20 12:47:55.826 Application:12 - This is a warn message 
[ERROR] 2019-11-20 12:47:55.828 Application:13 - This is an error message 
[FATAL] 2019-11-20 12:47:55.829 Application:14 - This is a fatal message 
[DEBUG] 2019-11-20 12:48:34.199 Application:10 - This is a debug message 
[INFO ] 2019-11-20 12:48:34.207 Application:11 - This is an info message 
[WARN ] 2019-11-20 12:48:34.208 Application:12 - This is a warn message 
[ERROR] 2019-11-20 12:48:34.209 Application:13 - This is an error message 
[FATAL] 2019-11-20 12:48:34.211 Application:14 - This is a fatal message 
[DEBUG] 2019-11-20 12:50:39.995 Application:10 - This is a debug message 
[INFO ] 2019-11-20 12:50:39.997 Application:11 - This is an info message 
[WARN ] 2019-11-20 12:50:39.998 Application:12 - This is a warn message 
[ERROR] 2019-11-20 12:50:39.998 Application:13 - This is an error message 
[FATAL] 2019-11-20 12:50:40.000 Application:14 - This is a fatal message 
[DEBUG] 2019-11-20 12:54:32.790 Application:10 - This is a debug message 
[INFO ] 2019-11-20 12:54:32.791 Application:11 - This is an info message 
[WARN ] 2019-11-20 12:54:32.792 Application:12 - This is a warn message 
[ERROR] 2019-11-20 12:54:32.792 Application:13 - This is an error message 
[FATAL] 2019-11-20 12:54:32.794 Application:14 - This is a fatal message 
[DEBUG] 2019-11-20 12:56:39.854 Application:10 - This is a debug message 
[INFO ] 2019-11-20 12:56:39.857 Application:11 - This is an info message 
[WARN ] 2019-11-20 12:56:39.858 Application:12 - This is a warn message 
[ERROR] 2019-11-20 12:56:39.862 Application:13 - This is an error message 
[FATAL] 2019-11-20 12:56:39.868 Application:14 - This is a fatal message 
[DEBUG] 2019-11-20 12:57:09.345 Application:10 - This is a debug message 
[INFO ] 2019-11-20 12:57:09.347 Application:11 - This is an info message 
[WARN ] 2019-11-20 12:57:09.348 Application:12 - This is a warn message 
[ERROR] 2019-11-20 12:57:09.349 Application:13 - This is an error message 
[FATAL] 2019-11-20 12:57:09.351 Application:14 - This is a fatal message 
[DEBUG] 2019-11-20 12:58:21.181 Application:10 - This is a debug message 
[INFO ] 2019-11-20 12:58:21.183 Application:11 - This is an info message 
[WARN ] 2019-11-20 12:58:21.184 Application:12 - This is a warn message 
[ERROR] 2019-11-20 12:58:21.185 Application:13 - This is an error message 
[FATAL] 2019-11-20 12:58:21.187 Application:14 - This is a fatal message 
[DEBUG] 2019-11-20 13:06:56.499 Application:10 - This is a debug message 
[INFO ] 2019-11-20 13:06:56.500 Application:11 - This is an info message 
[WARN ] 2019-11-20 13:06:56.502 Application:12 - This is a warn message 
[ERROR] 2019-11-20 13:06:56.503 Application:13 - This is an error message 
[FATAL] 2019-11-20 13:06:56.505 Application:14 - This is a fatal message 
[DEBUG] 2019-11-20 13:07:47.606 Application:10 - This is a debug message 
[INFO ] 2019-11-20 13:07:47.607 Application:11 - This is an info message 
[WARN ] 2019-11-20 13:07:47.608 Application:12 - This is a warn message 
[ERROR] 2019-11-20 13:07:47.610 Application:13 - This is an error message 
[FATAL] 2019-11-20 13:07:47.611 Application:14 - This is a fatal message 
[DEBUG] 2019-11-20 13:08:00.837 Application:10 - This is a debug message 
[INFO ] 2019-11-20 13:08:00.839 Application:11 - This is an info message 
[WARN ] 2019-11-20 13:08:00.840 Application:12 - This is a warn message 
[ERROR] 2019-11-20 13:08:00.841 Application:13 - This is an error message 
[FATAL] 2019-11-20 13:08:00.842 Application:14 - This is a fatal message 
[DEBUG] 2019-11-20 13:08:49.797 Application:10 - This is a debug message 
[INFO ] 2019-11-20 13:08:49.799 Application:11 - This is an info message 
[WARN ] 2019-11-20 13:08:49.800 Application:12 - This is a warn message 
[ERROR] 2019-11-20 13:08:49.800 Application:13 - This is an error message 
[FATAL] 2019-11-20 13:08:49.802 Application:14 - This is a fatal message 
[DEBUG] 2019-11-20 13:09:10.927 Application:10 - This is a debug message 
[INFO ] 2019-11-20 13:09:10.928 Application:11 - This is an info message 
[WARN ] 2019-11-20 13:09:10.929 Application:12 - This is a warn message 
[ERROR] 2019-11-20 13:09:10.930 Application:13 - This is an error message 
[FATAL] 2019-11-20 13:09:10.931 Application:14 - This is a fatal message 
[DEBUG] 2019-11-20 13:09:39.249 Application:10 - This is a debug message 
[INFO ] 2019-11-20 13:09:39.251 Application:11 - This is an info message 
[WARN ] 2019-11-20 13:09:39.253 Application:12 - This is a warn message 
[ERROR] 2019-11-20 13:09:39.254 Application:13 - This is an error message 
[FATAL] 2019-11-20 13:09:39.255 Application:14 - This is a fatal message 
[DEBUG] 2019-11-20 13:10:12.971 Application:10 - This is a debug message 
[INFO ] 2019-11-20 13:10:12.972 Application:11 - This is an info message 
[WARN ] 2019-11-20 13:10:12.973 Application:12 - This is a warn message 
[ERROR] 2019-11-20 13:10:12.974 Application:13 - This is an error message 
[FATAL] 2019-11-20 13:10:12.976 Application:14 - This is a fatal message 
[DEBUG] 2019-11-20 13:10:36.859 Application:10 - This is a debug message 
[INFO ] 2019-11-20 13:10:36.861 Application:11 - This is an info message 
[WARN ] 2019-11-20 13:10:36.862 Application:12 - This is a warn message 
[ERROR] 2019-11-20 13:10:36.864 Application:13 - This is an error message 
[FATAL] 2019-11-20 13:10:36.864 Application:14 - This is a fatal message 
[DEBUG] 2019-11-20 13:10:44.523 Application:10 - This is a debug message 
[INFO ] 2019-11-20 13:10:44.525 Application:11 - This is an info message 
[WARN ] 2019-11-20 13:10:44.526 Application:12 - This is a warn message 
[ERROR] 2019-11-20 13:10:44.527 Application:13 - This is an error message 
[FATAL] 2019-11-20 13:10:44.530 Application:14 - This is a fatal message 
[DEBUG] 2019-11-20 13:10:51.035 Application:10 - This is a debug message 
[INFO ] 2019-11-20 13:10:51.037 Application:11 - This is an info message 
[WARN ] 2019-11-20 13:10:51.038 Application:12 - This is a warn message 
[ERROR] 2019-11-20 13:10:51.039 Application:13 - This is an error message 
[FATAL] 2019-11-20 13:10:51.040 Application:14 - This is a fatal message 
[DEBUG] 2019-11-20 13:10:57.922 Application:10 - This is a debug message 
[INFO ] 2019-11-20 13:10:57.924 Application:11 - This is an info message 
[WARN ] 2019-11-20 13:10:57.925 Application:12 - This is a warn message 
[ERROR] 2019-11-20 13:10:57.927 Application:13 - This is an error message 
[FATAL] 2019-11-20 13:10:57.929 Application:14 - This is a fatal message 
[DEBUG] 2019-11-20 13:11:04.842 Application:10 - This is a debug message 
[INFO ] 2019-11-20 13:11:04.844 Application:11 - This is an info message 
[WARN ] 2019-11-20 13:11:04.845 Application:12 - This is a warn message 
[ERROR] 2019-11-20 13:11:04.845 Application:13 - This is an error message 
[FATAL] 2019-11-20 13:11:04.846 Application:14 - This is a fatal message 
[DEBUG] 2019-11-20 13:11:30.005 Application:10 - This is a debug message 
[INFO ] 2019-11-20 13:11:30.006 Application:11 - This is an info message 
[WARN ] 2019-11-20 13:11:30.007 Application:12 - This is a warn message 
[ERROR] 2019-11-20 13:11:30.008 Application:13 - This is an error message 
[FATAL] 2019-11-20 13:11:30.009 Application:14 - This is a fatal message 
[DEBUG] 2019-11-20 13:11:35.692 Application:10 - This is a debug message 
[INFO ] 2019-11-20 13:11:35.693 Application:11 - This is an info message 
[WARN ] 2019-11-20 13:11:35.694 Application:12 - This is a warn message 
[ERROR] 2019-11-20 13:11:35.695 Application:13 - This is an error message 
[FATAL] 2019-11-20 13:11:35.696 Application:14 - This is a fatal message 
[DEBUG] 2019-11-20 13:11:41.543 Application:10 - This is a debug message 
[INFO ] 2019-11-20 13:11:41.545 Application:11 - This is an info message 
[WARN ] 2019-11-20 13:11:41.546 Application:12 - This is a warn message 
[ERROR] 2019-11-20 13:11:41.547 Application:13 - This is an error message 
[FATAL] 2019-11-20 13:11:41.547 Application:14 - This is a fatal message 
[DEBUG] 2019-11-20 13:11:52.110 Application:10 - This is a debug message 
[INFO ] 2019-11-20 13:11:52.112 Application:11 - This is an info message 
[WARN ] 2019-11-20 13:11:52.113 Application:12 - This is a warn message 
[ERROR] 2019-11-20 13:11:52.114 Application:13 - This is an error message 
[FATAL] 2019-11-20 13:11:52.116 Application:14 - This is a fatal message 
[DEBUG] 2019-11-20 13:14:20.507 Application:10 - This is a debug message 
[INFO ] 2019-11-20 13:14:20.508 Application:11 - This is an info message 
[WARN ] 2019-11-20 13:14:20.509 Application:12 - This is a warn message 
[ERROR] 2019-11-20 13:14:20.510 Application:13 - This is an error message 
[FATAL] 2019-11-20 13:14:20.511 Application:14 - This is a fatal message 
[DEBUG] 2019-11-20 13:15:48.681 Application:10 - This is a debug message 
[INFO ] 2019-11-20 13:15:48.682 Application:11 - This is an info message 
[WARN ] 2019-11-20 13:15:48.683 Application:12 - This is a warn message 
[ERROR] 2019-11-20 13:15:48.685 Application:13 - This is an error message 
[FATAL] 2019-11-20 13:15:48.686 Application:14 - This is a fatal message 
[DEBUG] 2019-11-20 13:16:54.740 Application:10 - This is a debug message 
[INFO ] 2019-11-20 13:16:54.741 Application:11 - This is an info message 
[WARN ] 2019-11-20 13:16:54.742 Application:12 - This is a warn message 
[ERROR] 2019-11-20 13:16:54.744 Application:13 - This is an error message 
[FATAL] 2019-11-20 13:16:54.746 Application:14 - This is a fatal message 
[DEBUG] 2019-11-20 13:23:04.617 Application:10 - This is a debug message 
[INFO ] 2019-11-20 13:23:04.618 Application:11 - This is an info message 
[WARN ] 2019-11-20 13:23:04.619 Application:12 - This is a warn message 
[ERROR] 2019-11-20 13:23:04.620 Application:13 - This is an error message 
[FATAL] 2019-11-20 13:23:04.621 Application:14 - This is a fatal message 
[DEBUG] 2019-11-20 13:23:18.375 Application:10 - This is a debug message 
[INFO ] 2019-11-20 13:23:18.376 Application:11 - This is an info message 
[WARN ] 2019-11-20 13:23:18.377 Application:12 - This is a warn message 
[ERROR] 2019-11-20 13:23:18.378 Application:13 - This is an error message 
[FATAL] 2019-11-20 13:23:18.379 Application:14 - This is a fatal message 
[DEBUG] 2019-11-20 13:23:33.623 Application:10 - This is a debug message 
[INFO ] 2019-11-20 13:23:33.625 Application:11 - This is an info message 
[WARN ] 2019-11-20 13:23:33.626 Application:12 - This is a warn message 
[ERROR] 2019-11-20 13:23:33.628 Application:13 - This is an error message 
[FATAL] 2019-11-20 13:23:33.629 Application:14 - This is a fatal message 
[DEBUG] 2019-11-20 13:45:48.158 Application:10 - This is a debug message 
[INFO ] 2019-11-20 13:45:48.162 Application:11 - This is an info message 
[WARN ] 2019-11-20 13:45:48.163 Application:12 - This is a warn message 
[ERROR] 2019-11-20 13:45:48.165 Application:13 - This is an error message 
[FATAL] 2019-11-20 13:45:48.166 Application:14 - This is a fatal message 
[DEBUG] 2019-11-20 13:46:34.891 Application:10 - This is a debug message 
[INFO ] 2019-11-20 13:46:34.893 Application:11 - This is an info message 
[WARN ] 2019-11-20 13:46:34.894 Application:12 - This is a warn message 
[ERROR] 2019-11-20 13:46:34.896 Application:13 - This is an error message 
[FATAL] 2019-11-20 13:46:34.897 Application:14 - This is a fatal message 
[DEBUG] 2019-11-20 13:47:18.360 Application:10 - This is a debug message 
[INFO ] 2019-11-20 13:47:18.364 Application:11 - This is an info message 
[WARN ] 2019-11-20 13:47:18.366 Application:12 - This is a warn message 
[ERROR] 2019-11-20 13:47:18.369 Application:13 - This is an error message 
[FATAL] 2019-11-20 13:47:18.370 Application:14 - This is a fatal message 
[DEBUG] 2019-11-20 13:50:14.734 Application:10 - This is a debug message 
[INFO ] 2019-11-20 13:50:14.735 Application:11 - This is an info message 
[WARN ] 2019-11-20 13:50:14.737 Application:12 - This is a warn message 
[ERROR] 2019-11-20 13:50:14.739 Application:13 - This is an error message 
[FATAL] 2019-11-20 13:50:14.742 Application:14 - This is a fatal message 
[DEBUG] 2019-11-20 14:03:46.372 Application:10 - This is a debug message 
[INFO ] 2019-11-20 14:03:46.374 Application:11 - This is an info message 
[WARN ] 2019-11-20 14:03:46.375 Application:12 - This is a warn message 
[ERROR] 2019-11-20 14:03:46.377 Application:13 - This is an error message 
[FATAL] 2019-11-20 14:03:46.378 Application:14 - This is a fatal message 
[DEBUG] 2019-11-20 14:05:09.337 Application:10 - This is a debug message 
[INFO ] 2019-11-20 14:05:09.338 Application:11 - This is an info message 
[WARN ] 2019-11-20 14:05:09.344 Application:12 - This is a warn message 
[ERROR] 2019-11-20 14:05:09.345 Application:13 - This is an error message 
[FATAL] 2019-11-20 14:05:09.346 Application:14 - This is a fatal message 
[DEBUG] 2019-11-20 14:05:59.838 Application:10 - This is a debug message 
[INFO ] 2019-11-20 14:05:59.840 Application:11 - This is an info message 
[WARN ] 2019-11-20 14:05:59.843 Application:12 - This is a warn message 
[ERROR] 2019-11-20 14:05:59.849 Application:13 - This is an error message 
[FATAL] 2019-11-20 14:05:59.854 Application:14 - This is a fatal message 
[DEBUG] 2019-11-20 14:10:12.036 Application:10 - This is a debug message 
[INFO ] 2019-11-20 14:10:12.041 Application:11 - This is an info message 
[WARN ] 2019-11-20 14:10:12.042 Application:12 - This is a warn message 
[ERROR] 2019-11-20 14:10:12.045 Application:13 - This is an error message 
[FATAL] 2019-11-20 14:10:12.046 Application:14 - This is a fatal message 
[DEBUG] 2019-11-20 14:15:45.568 Application:10 - This is a debug message 
[INFO ] 2019-11-20 14:15:45.569 Application:11 - This is an info message 
[WARN ] 2019-11-20 14:15:45.571 Application:12 - This is a warn message 
[ERROR] 2019-11-20 14:15:45.573 Application:13 - This is an error message 
[FATAL] 2019-11-20 14:15:45.575 Application:14 - This is a fatal message 
[DEBUG] 2019-11-20 14:28:05.833 Application:10 - This is a debug message 
[INFO ] 2019-11-20 14:28:05.834 Application:11 - This is an info message 
[WARN ] 2019-11-20 14:28:05.835 Application:12 - This is a warn message 
[ERROR] 2019-11-20 14:28:05.837 Application:13 - This is an error message 
[FATAL] 2019-11-20 14:28:05.838 Application:14 - This is a fatal message 
[DEBUG] 2019-11-20 14:29:45.699 Application:10 - This is a debug message 
[INFO ] 2019-11-20 14:29:45.701 Application:11 - This is an info message 
[WARN ] 2019-11-20 14:29:45.702 Application:12 - This is a warn message 
[ERROR] 2019-11-20 14:29:45.705 Application:13 - This is an error message 
[FATAL] 2019-11-20 14:29:45.706 Application:14 - This is a fatal message 
[DEBUG] 2019-11-20 14:30:04.062 Application:10 - This is a debug message 
[INFO ] 2019-11-20 14:30:04.063 Application:11 - This is an info message 
[WARN ] 2019-11-20 14:30:04.064 Application:12 - This is a warn message 
[ERROR] 2019-11-20 14:30:04.067 Application:13 - This is an error message 
[FATAL] 2019-11-20 14:30:04.069 Application:14 - This is a fatal message 
[DEBUG] 2019-11-20 14:32:11.778 Application:10 - This is a debug message 
[INFO ] 2019-11-20 14:32:11.779 Application:11 - This is an info message 
[WARN ] 2019-11-20 14:32:11.781 Application:12 - This is a warn message 
[ERROR] 2019-11-20 14:32:11.783 Application:13 - This is an error message 
[FATAL] 2019-11-20 14:32:11.785 Application:14 - This is a fatal message 
[DEBUG] 2019-11-20 14:35:18.577 Application:10 - This is a debug message 
[INFO ] 2019-11-20 14:35:18.579 Application:11 - This is an info message 
[WARN ] 2019-11-20 14:35:18.580 Application:12 - This is a warn message 
[ERROR] 2019-11-20 14:35:18.581 Application:13 - This is an error message 
[FATAL] 2019-11-20 14:35:18.582 Application:14 - This is a fatal message 
[DEBUG] 2019-11-20 14:37:05.087 Application:10 - This is a debug message 
[INFO ] 2019-11-20 14:37:05.088 Application:11 - This is an info message 
[WARN ] 2019-11-20 14:37:05.089 Application:12 - This is a warn message 
[ERROR] 2019-11-20 14:37:05.091 Application:13 - This is an error message 
[FATAL] 2019-11-20 14:37:05.092 Application:14 - This is a fatal message 
[DEBUG] 2019-11-20 14:38:06.154 Application:10 - This is a debug message 
[INFO ] 2019-11-20 14:38:06.156 Application:11 - This is an info message 
[WARN ] 2019-11-20 14:38:06.157 Application:12 - This is a warn message 
[ERROR] 2019-11-20 14:38:06.159 Application:13 - This is an error message 
[FATAL] 2019-11-20 14:38:06.161 Application:14 - This is a fatal message 
[DEBUG] 2019-11-20 14:38:53.277 Application:10 - This is a debug message 
[INFO ] 2019-11-20 14:38:53.284 Application:11 - This is an info message 
[WARN ] 2019-11-20 14:38:53.285 Application:12 - This is a warn message 
[ERROR] 2019-11-20 14:38:53.295 Application:13 - This is an error message 
[FATAL] 2019-11-20 14:38:53.297 Application:14 - This is a fatal message 
[DEBUG] 2019-11-20 14:40:09.152 Application:10 - This is a debug message 
[INFO ] 2019-11-20 14:40:09.154 Application:11 - This is an info message 
[WARN ] 2019-11-20 14:40:09.154 Application:12 - This is a warn message 
[ERROR] 2019-11-20 14:40:09.156 Application:13 - This is an error message 
[FATAL] 2019-11-20 14:40:09.157 Application:14 - This is a fatal message 
[DEBUG] 2019-11-20 14:42:48.002 Application:10 - This is a debug message 
[INFO ] 2019-11-20 14:42:48.003 Application:11 - This is an info message 
[WARN ] 2019-11-20 14:42:48.004 Application:12 - This is a warn message 
[ERROR] 2019-11-20 14:42:48.008 Application:13 - This is an error message 
[FATAL] 2019-11-20 14:42:48.009 Application:14 - This is a fatal message 
[DEBUG] 2019-11-20 14:43:06.110 Application:10 - This is a debug message 
[INFO ] 2019-11-20 14:43:06.111 Application:11 - This is an info message 
[WARN ] 2019-11-20 14:43:06.112 Application:12 - This is a warn message 
[ERROR] 2019-11-20 14:43:06.114 Application:13 - This is an error message 
[FATAL] 2019-11-20 14:43:06.115 Application:14 - This is a fatal message 
[DEBUG] 2019-11-20 14:45:58.815 Application:10 - This is a debug message 
[INFO ] 2019-11-20 14:45:58.824 Application:11 - This is an info message 
[WARN ] 2019-11-20 14:45:58.825 Application:12 - This is a warn message 
[ERROR] 2019-11-20 14:45:58.828 Application:13 - This is an error message 
[FATAL] 2019-11-20 14:45:58.828 Application:14 - This is a fatal message 
[DEBUG] 2019-11-20 15:06:48.071 Application:10 - This is a debug message 
[INFO ] 2019-11-20 15:06:48.081 Application:11 - This is an info message 
[WARN ] 2019-11-20 15:06:48.083 Application:12 - This is a warn message 
[ERROR] 2019-11-20 15:06:48.085 Application:13 - This is an error message 
[FATAL] 2019-11-20 15:06:48.086 Application:14 - This is a fatal message 
[DEBUG] 2019-11-20 15:07:40.867 Application:10 - This is a debug message 
[INFO ] 2019-11-20 15:07:40.885 Application:11 - This is an info message 
[WARN ] 2019-11-20 15:07:40.887 Application:12 - This is a warn message 
[ERROR] 2019-11-20 15:07:40.890 Application:13 - This is an error message 
[FATAL] 2019-11-20 15:07:40.891 Application:14 - This is a fatal message 
[DEBUG] 2019-11-20 15:08:04.459 Application:10 - This is a debug message 
[INFO ] 2019-11-20 15:08:04.469 Application:11 - This is an info message 
[WARN ] 2019-11-20 15:08:04.471 Application:12 - This is a warn message 
[ERROR] 2019-11-20 15:08:04.473 Application:13 - This is an error message 
[FATAL] 2019-11-20 15:08:04.595 Application:14 - This is a fatal message 
[DEBUG] 2019-11-20 15:11:42.621 Application:10 - This is a debug message 
[INFO ] 2019-11-20 15:11:42.632 Application:11 - This is an info message 
[WARN ] 2019-11-20 15:11:42.633 Application:12 - This is a warn message 
[ERROR] 2019-11-20 15:11:42.642 Application:13 - This is an error message 
[FATAL] 2019-11-20 15:11:46.634 Application:14 - This is a fatal message 
[DEBUG] 2019-11-20 15:14:55.544 Application:10 - This is a debug message 
[INFO ] 2019-11-20 15:14:55.554 Application:11 - This is an info message 
[WARN ] 2019-11-20 15:14:55.556 Application:12 - This is a warn message 
[ERROR] 2019-11-20 15:14:55.558 Application:13 - This is an error message 
[FATAL] 2019-11-20 15:14:57.809 Application:14 - This is a fatal message 
[DEBUG] 2019-11-20 15:18:41.304 Application:10 - This is a debug message 
[INFO ] 2019-11-20 15:18:41.314 Application:11 - This is an info message 
[WARN ] 2019-11-20 15:18:41.315 Application:12 - This is a warn message 
[ERROR] 2019-11-20 15:18:41.318 Application:13 - This is an error message 
[FATAL] 2019-11-20 15:18:43.241 Application:14 - This is a fatal message 
[DEBUG] 2019-11-20 15:21:06.265 Application:10 - This is a debug message 
[INFO ] 2019-11-20 15:21:06.274 Application:11 - This is an info message 
[WARN ] 2019-11-20 15:21:06.276 Application:12 - This is a warn message 
[ERROR] 2019-11-20 15:21:06.278 Application:13 - This is an error message 
[FATAL] 2019-11-20 15:21:09.839 Application:14 - This is a fatal message 
[DEBUG] 2019-11-20 15:28:21.714 Application:10 - This is a debug message 
[INFO ] 2019-11-20 15:28:21.716 Application:11 - This is an info message 
[WARN ] 2019-11-20 15:28:21.717 Application:12 - This is a warn message 
[ERROR] 2019-11-20 15:28:21.719 Application:13 - This is an error message 
[FATAL] 2019-11-20 15:28:25.507 Application:14 - This is a fatal message 
[DEBUG] 2019-11-20 16:06:48.049 Application:10 - This is a debug message 
[INFO ] 2019-11-20 16:06:48.051 Application:11 - This is an info message 
[WARN ] 2019-11-20 16:06:48.054 Application:12 - This is a warn message 
[ERROR] 2019-11-20 16:06:48.064 Application:13 - This is an error message 
[FATAL] 2019-11-20 16:06:51.580 Application:14 - This is a fatal message 
[DEBUG] 2019-11-20 16:08:15.897 Application:10 - This is a debug message 
[INFO ] 2019-11-20 16:08:15.899 Application:11 - This is an info message 
[WARN ] 2019-11-20 16:08:15.900 Application:12 - This is a warn message 
[ERROR] 2019-11-20 16:08:15.906 Application:13 - This is an error message 
[FATAL] 2019-11-20 16:08:19.243 Application:14 - This is a fatal message 
[DEBUG] 2019-11-20 16:10:38.993 Application:10 - This is a debug message 
[INFO ] 2019-11-20 16:10:38.995 Application:11 - This is an info message 
[WARN ] 2019-11-20 16:10:38.996 Application:12 - This is a warn message 
[ERROR] 2019-11-20 16:10:38.998 Application:13 - This is an error message 
[FATAL] 2019-11-20 16:10:43.586 Application:14 - This is a fatal message 
